# JRE version: OpenJDK Runtime Environment (11.0.7+10) (build 11.0.7+10-post-Ubuntu-2ubuntu218.04)
# Java VM: OpenJDK 64-Bit Server VM (11.0.7+10-post-Ubuntu-2ubuntu218.04, mixed mode, sharing, tiered, compressed oops, g1 gc, linux-amd64)
Heap:
 garbage-first heap   total 141312K, used 41184K [0x00000000c0000000, 0x0000000100000000)
  region size 1024K, 1 young (1024K), 0 survivors (0K)
 Metaspace       used 9140K, capacity 11607K, committed 11904K, reserved 1058816K
  class space    used 1481K, capacity 1860K, committed 1920K, reserved 1048576K
GC Heap History (20 events):
Event: 714.373 GC heap before
{Heap before GC invocations=24 (full 9):
 garbage-first heap   total 14336K, used 8948K [0x00000000c0000000, 0x0000000100000000)
  region size 1024K, 2 young (2048K), 1 survivors (1024K)
 Metaspace       used 6766K, capacity 9469K, committed 9728K, reserved 1056768K
  class space    used 1085K, capacity 1429K, committed 1536K, reserved 1048576K
}
Event: 714.375 GC heap after
{Heap after GC invocations=25 (full 9):
 garbage-first heap   total 135168K, used 8924K [0x00000000c0000000, 0x0000000100000000)
  region size 1024K, 1 young (1024K), 1 survivors (1024K)
 Metaspace       used 6766K, capacity 9469K, committed 9728K, reserved 1056768K
  class space    used 1085K, capacity 1429K, committed 1536K, reserved 1048576K
}
Event: 714.735 GC heap before
{Heap before GC invocations=26 (full 9):
 garbage-first heap   total 135168K, used 55004K [0x00000000c0000000, 0x0000000100000000)
  region size 1024K, 42 young (43008K), 1 survivors (1024K)
 Metaspace       used 7409K, capacity 10040K, committed 10240K, reserved 1058816K
  class space    used 1175K, capacity 1523K, committed 1536K, reserved 1048576K
}
Event: 714.742 GC heap after
{Heap after GC invocations=27 (full 9):
 garbage-first heap   total 135168K, used 18285K [0x00000000c0000000, 0x0000000100000000)
  region size 1024K, 6 young (6144K), 6 survivors (6144K)
 Metaspace       used 7409K, capacity 10040K, committed 10240K, reserved 1058816K
  class space    used 1175K, capacity 1523K, committed 1536K, reserved 1048576K
}
Event: 714.772 GC heap before
{Heap before GC invocations=27 (full 9):
 garbage-first heap   total 135168K, used 44909K [0x00000000c0000000, 0x0000000100000000)
  region size 1024K, 33 young (33792K), 6 survivors (6144K)
 Metaspace       used 7419K, capacity 10045K, committed 10240K, reserved 1058816K
  class space    used 1177K, capacity 1526K, committed 1536K, reserved 1048576K
}
Event: 714.789 GC heap after
{Heap after GC invocations=28 (full 10):
 garbage-first heap   total 71680K, used 18256K [0x00000000c0000000, 0x0000000100000000)
  region size 1024K, 0 young (0K), 0 survivors (0K)
 Metaspace       used 7419K, capacity 10045K, committed 10240K, reserved 1058816K
  class space    used 1177K, capacity 1526K, committed 1536K, reserved 1048576K
}
Event: 714.823 GC heap before
{Heap before GC invocations=28 (full 10):
 garbage-first heap   total 71680K, used 45904K [0x00000000c0000000, 0x0000000100000000)
  region size 1024K, 27 young (27648K), 0 survivors (0K)
 Metaspace       used 7426K, capacity 10045K, committed 10240K, reserved 1058816K
  class space    used 1177K, capacity 1526K, committed 1536K, reserved 1048576K
}
Event: 714.827 GC heap after
{Heap after GC invocations=29 (full 10):
 garbage-first heap   total 71680K, used 21328K [0x00000000c0000000, 0x0000000100000000)
  region size 1024K, 3 young (3072K), 3 survivors (3072K)
 Metaspace       used 7426K, capacity 10045K, committed 10240K, reserved 1058816K
  class space    used 1177K, capacity 1526K, committed 1536K, reserved 1048576K
}
Event: 714.879 GC heap before
{Heap before GC invocations=29 (full 10):
 garbage-first heap   total 71680K, used 50000K [0x00000000c0000000, 0x0000000100000000)
  region size 1024K, 29 young (29696K), 3 survivors (3072K)
 Metaspace       used 7578K, capacity 10228K, committed 10624K, reserved 1058816K
  class space    used 1217K, capacity 1568K, committed 1664K, reserved 1048576K
}
Event: 714.887 GC heap after
{Heap after GC invocations=30 (full 10):
 garbage-first heap   total 71680K, used 27468K [0x00000000c0000000, 0x0000000100000000)
  region size 1024K, 4 young (4096K), 4 survivors (4096K)
 Metaspace       used 7578K, capacity 10228K, committed 10624K, reserved 1058816K
  class space    used 1217K, capacity 1568K, committed 1664K, reserved 1048576K
}
Event: 714.901 GC heap before
{Heap before GC invocations=30 (full 10):
 garbage-first heap   total 71680K, used 48972K [0x00000000c0000000, 0x0000000100000000)
  region size 1024K, 25 young (25600K), 4 survivors (4096K)
 Metaspace       used 7579K, capacity 10228K, committed 10624K, reserved 1058816K
  class space    used 1217K, capacity 1568K, committed 1664K, reserved 1048576K
}
Event: 714.907 GC heap after
{Heap after GC invocations=31 (full 10):
 garbage-first heap   total 141312K, used 29520K [0x00000000c0000000, 0x0000000100000000)
  region size 1024K, 2 young (2048K), 2 survivors (2048K)
 Metaspace       used 7579K, capacity 10228K, committed 10624K, reserved 1058816K
  class space    used 1217K, capacity 1568K, committed 1664K, reserved 1048576K
}
Event: 714.948 GC heap before
{Heap before GC invocations=31 (full 10):
 garbage-first heap   total 141312K, used 76624K [0x00000000c0000000, 0x0000000100000000)
  region size 1024K, 48 young (49152K), 2 survivors (2048K)
 Metaspace       used 7580K, capacity 10228K, committed 10624K, reserved 1058816K
  class space    used 1217K, capacity 1568K, committed 1664K, reserved 1048576K
}
Event: 714.953 GC heap after
{Heap after GC invocations=32 (full 10):
 garbage-first heap   total 141312K, used 33217K [0x00000000c0000000, 0x0000000100000000)
  region size 1024K, 6 young (6144K), 6 survivors (6144K)
 Metaspace       used 7580K, capacity 10228K, committed 10624K, reserved 1058816K
  class space    used 1217K, capacity 1568K, committed 1664K, reserved 1048576K
}
Event: 714.981 GC heap before
{Heap before GC invocations=32 (full 10):
 garbage-first heap   total 141312K, used 82369K [0x00000000c0000000, 0x0000000100000000)
  region size 1024K, 54 young (55296K), 6 survivors (6144K)
 Metaspace       used 7580K, capacity 10228K, committed 10624K, reserved 1058816K
  class space    used 1217K, capacity 1568K, committed 1664K, reserved 1048576K
}
Event: 714.987 GC heap after
{Heap after GC invocations=33 (full 10):
 garbage-first heap   total 141312K, used 37196K [0x00000000c0000000, 0x0000000100000000)
  region size 1024K, 5 young (5120K), 5 survivors (5120K)
 Metaspace       used 7580K, capacity 10228K, committed 10624K, reserved 1058816K
  class space    used 1217K, capacity 1568K, committed 1664K, reserved 1048576K
}
Event: 715.638 GC heap before
{Heap before GC invocations=33 (full 10):
 garbage-first heap   total 141312K, used 99660K [0x00000000c0000000, 0x0000000100000000)
  region size 1024K, 55 young (56320K), 5 survivors (5120K)
 Metaspace       used 8357K, capacity 10905K, committed 11008K, reserved 1058816K
  class space    used 1372K, capacity 1731K, committed 1792K, reserved 1048576K
}
Event: 715.652 GC heap after
{Heap after GC invocations=34 (full 10):
 garbage-first heap   total 141312K, used 61755K [0x00000000c0000000, 0x0000000100000000)
  region size 1024K, 7 young (7168K), 7 survivors (7168K)
 Metaspace       used 8357K, capacity 10905K, committed 11008K, reserved 1058816K
  class space    used 1372K, capacity 1731K, committed 1792K, reserved 1048576K
}
Event: 715.867 GC heap before
{Heap before GC invocations=34 (full 10):
 garbage-first heap   total 141312K, used 79163K [0x00000000c0000000, 0x0000000100000000)
  region size 1024K, 24 young (24576K), 7 survivors (7168K)
 Metaspace       used 9140K, capacity 11607K, committed 11904K, reserved 1058816K
  class space    used 1481K, capacity 1860K, committed 1920K, reserved 1048576K
}
Event: 715.892 GC heap after
{Heap after GC invocations=35 (full 11):
 garbage-first heap   total 141312K, used 41184K [0x00000000c0000000, 0x0000000100000000)
  region size 1024K, 0 young (0K), 0 survivors (0K)
 Metaspace       used 9140K, capacity 11607K, committed 11904K, reserved 1058816K
  class space    used 1481K, capacity 1860K, committed 1920K, reserved 1048576K
}

