# JRE version: OpenJDK Runtime Environment (11.0.7+10) (build 11.0.7+10-post-Ubuntu-2ubuntu218.04)
# Java VM: OpenJDK 64-Bit Server VM (11.0.7+10-post-Ubuntu-2ubuntu218.04, mixed mode, sharing, tiered, compressed oops, g1 gc, linux-amd64)
Heap:
 garbage-first heap   total 256000K, used 75161K [0x00000000c0000000, 0x0000000100000000)
  region size 1024K, 1 young (1024K), 0 survivors (0K)
 Metaspace       used 9514K, capacity 11920K, committed 12288K, reserved 1058816K
  class space    used 1547K, capacity 1930K, committed 2048K, reserved 1048576K
GC Heap History (20 events):
Event: 2.130 GC heap before
{Heap before GC invocations=12 (full 3):
 garbage-first heap   total 133120K, used 25215K [0x00000000c0000000, 0x0000000100000000)
  region size 1024K, 15 young (15360K), 1 survivors (1024K)
 Metaspace       used 6757K, capacity 9437K, committed 9600K, reserved 1056768K
  class space    used 1070K, capacity 1397K, committed 1408K, reserved 1048576K
}
Event: 2.152 GC heap after
{Heap after GC invocations=13 (full 3):
 garbage-first heap   total 133120K, used 13897K [0x00000000c0000000, 0x0000000100000000)
  region size 1024K, 2 young (2048K), 2 survivors (2048K)
 Metaspace       used 6757K, capacity 9437K, committed 9600K, reserved 1056768K
  class space    used 1070K, capacity 1397K, committed 1408K, reserved 1048576K
}
Event: 2.714 GC heap before
{Heap before GC invocations=13 (full 3):
 garbage-first heap   total 133120K, used 50761K [0x00000000c0000000, 0x0000000100000000)
  region size 1024K, 38 young (38912K), 2 survivors (2048K)
 Metaspace       used 7412K, capacity 10008K, committed 10240K, reserved 1058816K
  class space    used 1155K, capacity 1491K, committed 1536K, reserved 1048576K
}
Event: 2.746 GC heap after
{Heap after GC invocations=14 (full 3):
 garbage-first heap   total 133120K, used 18000K [0x00000000c0000000, 0x0000000100000000)
  region size 1024K, 5 young (5120K), 5 survivors (5120K)
 Metaspace       used 7412K, capacity 10008K, committed 10240K, reserved 1058816K
  class space    used 1155K, capacity 1491K, committed 1536K, reserved 1048576K
}
Event: 2.849 GC heap before
{Heap before GC invocations=14 (full 3):
 garbage-first heap   total 133120K, used 66128K [0x00000000c0000000, 0x0000000100000000)
  region size 1024K, 52 young (53248K), 5 survivors (5120K)
 Metaspace       used 7429K, capacity 10013K, committed 10240K, reserved 1058816K
  class space    used 1157K, capacity 1494K, committed 1536K, reserved 1048576K
}
Event: 2.892 GC heap after
{Heap after GC invocations=15 (full 3):
 garbage-first heap   total 133120K, used 22551K [0x00000000c0000000, 0x0000000100000000)
  region size 1024K, 7 young (7168K), 7 survivors (7168K)
 Metaspace       used 7429K, capacity 10013K, committed 10240K, reserved 1058816K
  class space    used 1157K, capacity 1494K, committed 1536K, reserved 1048576K
}
Event: 3.035 GC heap before
{Heap before GC invocations=15 (full 3):
 garbage-first heap   total 133120K, used 78871K [0x00000000c0000000, 0x0000000100000000)
  region size 1024K, 60 young (61440K), 7 survivors (7168K)
 Metaspace       used 7590K, capacity 10228K, committed 10368K, reserved 1058816K
  class space    used 1207K, capacity 1568K, committed 1664K, reserved 1048576K
}
Event: 3.060 GC heap after
{Heap after GC invocations=16 (full 3):
 garbage-first heap   total 266240K, used 24481K [0x00000000c0000000, 0x0000000100000000)
  region size 1024K, 6 young (6144K), 6 survivors (6144K)
 Metaspace       used 7590K, capacity 10228K, committed 10368K, reserved 1058816K
  class space    used 1207K, capacity 1568K, committed 1664K, reserved 1048576K
}
Event: 3.993 GC heap before
{Heap before GC invocations=16 (full 3):
 garbage-first heap   total 266240K, used 158625K [0x00000000c0000000, 0x0000000100000000)
  region size 1024K, 125 young (128000K), 6 survivors (6144K)
 Metaspace       used 7591K, capacity 10228K, committed 10368K, reserved 1058816K
  class space    used 1207K, capacity 1568K, committed 1664K, reserved 1048576K
}
Event: 4.032 GC heap after
{Heap after GC invocations=17 (full 3):
 garbage-first heap   total 266240K, used 41647K [0x00000000c0000000, 0x0000000100000000)
  region size 1024K, 11 young (11264K), 11 survivors (11264K)
 Metaspace       used 7591K, capacity 10228K, committed 10368K, reserved 1058816K
  class space    used 1207K, capacity 1568K, committed 1664K, reserved 1048576K
}
Event: 4.675 GC heap before
{Heap before GC invocations=17 (full 3):
 garbage-first heap   total 266240K, used 191151K [0x00000000c0000000, 0x0000000100000000)
  region size 1024K, 156 young (159744K), 11 survivors (11264K)
 Metaspace       used 9145K, capacity 11564K, committed 11648K, reserved 1058816K
  class space    used 1476K, capacity 1852K, committed 1920K, reserved 1048576K
}
Event: 4.777 GC heap after
{Heap after GC invocations=18 (full 3):
 garbage-first heap   total 266240K, used 61022K [0x00000000c0000000, 0x0000000100000000)
  region size 1024K, 20 young (20480K), 20 survivors (20480K)
 Metaspace       used 9145K, capacity 11564K, committed 11648K, reserved 1058816K
  class space    used 1476K, capacity 1852K, committed 1920K, reserved 1048576K
}
Event: 5.075 GC heap before
{Heap before GC invocations=18 (full 3):
 garbage-first heap   total 266240K, used 198238K [0x00000000c0000000, 0x0000000100000000)
  region size 1024K, 154 young (157696K), 20 survivors (20480K)
 Metaspace       used 9234K, capacity 11668K, committed 11904K, reserved 1058816K
  class space    used 1510K, capacity 1887K, committed 1920K, reserved 1048576K
}
Event: 5.141 GC heap after
{Heap after GC invocations=19 (full 3):
 garbage-first heap   total 266240K, used 75360K [0x00000000c0000000, 0x0000000100000000)
  region size 1024K, 15 young (15360K), 15 survivors (15360K)
 Metaspace       used 9234K, capacity 11668K, committed 11904K, reserved 1058816K
  class space    used 1510K, capacity 1887K, committed 1920K, reserved 1048576K
}
Event: 5.316 GC heap before
{Heap before GC invocations=19 (full 3):
 garbage-first heap   total 266240K, used 203360K [0x00000000c0000000, 0x0000000100000000)
  region size 1024K, 140 young (143360K), 15 survivors (15360K)
 Metaspace       used 9234K, capacity 11668K, committed 11904K, reserved 1058816K
  class space    used 1510K, capacity 1887K, committed 1920K, reserved 1048576K
}
Event: 5.375 GC heap after
{Heap after GC invocations=20 (full 3):
 garbage-first heap   total 443392K, used 89698K [0x00000000c0000000, 0x0000000100000000)
  region size 1024K, 15 young (15360K), 15 survivors (15360K)
 Metaspace       used 9234K, capacity 11668K, committed 11904K, reserved 1058816K
  class space    used 1510K, capacity 1887K, committed 1920K, reserved 1048576K
}
Event: 5.620 GC heap before
{Heap before GC invocations=20 (full 3):
 garbage-first heap   total 443392K, used 134754K [0x00000000c0000000, 0x0000000100000000)
  region size 1024K, 60 young (61440K), 15 survivors (15360K)
 Metaspace       used 9514K, capacity 11920K, committed 12288K, reserved 1058816K
  class space    used 1547K, capacity 1930K, committed 2048K, reserved 1048576K
}
Event: 5.786 GC heap after
{Heap after GC invocations=21 (full 4):
 garbage-first heap   total 263168K, used 75161K [0x00000000c0000000, 0x0000000100000000)
  region size 1024K, 0 young (0K), 0 survivors (0K)
 Metaspace       used 9514K, capacity 11920K, committed 12288K, reserved 1058816K
  class space    used 1547K, capacity 1930K, committed 2048K, reserved 1048576K
}
Event: 9.774 GC heap before
{Heap before GC invocations=21 (full 4):
 garbage-first heap   total 263168K, used 75161K [0x00000000c0000000, 0x0000000100000000)
  region size 1024K, 1 young (1024K), 0 survivors (0K)
 Metaspace       used 9514K, capacity 11920K, committed 12288K, reserved 1058816K
  class space    used 1547K, capacity 1930K, committed 2048K, reserved 1048576K
}
Event: 9.852 GC heap after
{Heap after GC invocations=22 (full 5):
 garbage-first heap   total 256000K, used 75161K [0x00000000c0000000, 0x0000000100000000)
  region size 1024K, 0 young (0K), 0 survivors (0K)
 Metaspace       used 9514K, capacity 11920K, committed 12288K, reserved 1058816K
  class space    used 1547K, capacity 1930K, committed 2048K, reserved 1048576K
}

