# JRE version: OpenJDK Runtime Environment (11.0.7+10) (build 11.0.7+10-post-Ubuntu-2ubuntu218.04)
# Java VM: OpenJDK 64-Bit Server VM (11.0.7+10-post-Ubuntu-2ubuntu218.04, mixed mode, sharing, tiered, compressed oops, g1 gc, linux-amd64)
Heap:
 garbage-first heap   total 14336K, used 1990K [0x00000000c0000000, 0x0000000100000000)
  region size 1024K, 1 young (1024K), 0 survivors (0K)
 Metaspace       used 1365K, capacity 4711K, committed 4864K, reserved 1056768K
  class space    used 120K, capacity 438K, committed 512K, reserved 1048576K
GC Heap History (6 events):
Event: 0.231 GC heap before
{Heap before GC invocations=0 (full 0):
 garbage-first heap   total 258048K, used 3780K [0x00000000c0000000, 0x0000000100000000)
  region size 1024K, 4 young (4096K), 0 survivors (0K)
 Metaspace       used 1194K, capacity 4704K, committed 4864K, reserved 1056768K
  class space    used 115K, capacity 437K, committed 512K, reserved 1048576K
}
Event: 0.291 GC heap after
{Heap after GC invocations=1 (full 1):
 garbage-first heap   total 14336K, used 1719K [0x00000000c0000000, 0x0000000100000000)
  region size 1024K, 0 young (0K), 0 survivors (0K)
 Metaspace       used 1194K, capacity 4704K, committed 4864K, reserved 1056768K
  class space    used 115K, capacity 437K, committed 512K, reserved 1048576K
}
Event: 3.913 GC heap before
{Heap before GC invocations=1 (full 1):
 garbage-first heap   total 14336K, used 1719K [0x00000000c0000000, 0x0000000100000000)
  region size 1024K, 1 young (1024K), 0 survivors (0K)
 Metaspace       used 1365K, capacity 4711K, committed 4864K, reserved 1056768K
  class space    used 120K, capacity 438K, committed 512K, reserved 1048576K
}
Event: 3.919 GC heap after
{Heap after GC invocations=2 (full 2):
 garbage-first heap   total 14336K, used 1990K [0x00000000c0000000, 0x0000000100000000)
  region size 1024K, 0 young (0K), 0 survivors (0K)
 Metaspace       used 1365K, capacity 4711K, committed 4864K, reserved 1056768K
  class space    used 120K, capacity 438K, committed 512K, reserved 1048576K
}
Event: 5.023 GC heap before
{Heap before GC invocations=2 (full 2):
 garbage-first heap   total 14336K, used 1990K [0x00000000c0000000, 0x0000000100000000)
  region size 1024K, 1 young (1024K), 0 survivors (0K)
 Metaspace       used 1365K, capacity 4711K, committed 4864K, reserved 1056768K
  class space    used 120K, capacity 438K, committed 512K, reserved 1048576K
}
Event: 5.029 GC heap after
{Heap after GC invocations=3 (full 3):
 garbage-first heap   total 14336K, used 1990K [0x00000000c0000000, 0x0000000100000000)
  region size 1024K, 0 young (0K), 0 survivors (0K)
 Metaspace       used 1365K, capacity 4711K, committed 4864K, reserved 1056768K
  class space    used 120K, capacity 438K, committed 512K, reserved 1048576K
}

